<?xml version="1.0" encoding="UTF-8"?>
<!-- Generated by org.testng.reporters.JUnitReportReporter -->
<testsuite hostname="LAPTOP-QAFUD8N4" failures="0" tests="3" name="com.BookMyShowPage.Movies" time="3.382" errors="0" timestamp="2022-04-21T18:15:03 IST" skipped="0">
  <testcase classname="com.BookMyShowPage.Movies" name="openUrl" time="2.035"/>
  <system-out/>
  <testcase classname="com.BookMyShowPage.Movies" name="selectMoviePage" time="0.502"/>
  <system-out/>
  <testcase classname="com.BookMyShowPage.Movies" name="extractMovieLang" time="0.845"/>
  <system-out/>
</testsuite> <!-- com.BookMyShowPage.Movies -->
