<?xml version="1.0" encoding="UTF-8"?>
<!-- Generated by org.testng.reporters.JUnitReportReporter -->
<testsuite hostname="LAPTOP-QAFUD8N4" failures="0" tests="2" name="com.BookMyShowPage.SignIn" time="1.820" errors="0" timestamp="2022-04-21T18:15:03 IST" skipped="0">
  <testcase classname="com.BookMyShowPage.SignIn" name="openUrl" time="0.919"/>
  <system-out/>
  <testcase classname="com.BookMyShowPage.SignIn" name="selectSignin" time="0.901"/>
  <system-out/>
</testsuite> <!-- com.BookMyShowPage.SignIn -->
