<?xml version="1.0" encoding="UTF-8"?>
<!-- Generated by org.testng.reporters.JUnitReportReporter -->
<testsuite hostname="LAPTOP-QAFUD8N4" failures="0" tests="7" name="com.BookMyShowPage.FindSports" time="62.564" errors="0" timestamp="2022-04-21T18:15:03 IST" skipped="0">
  <testcase classname="com.BookMyShowPage.FindSports" name="openUrl" time="1.266"/>
  <system-out/>
  <testcase classname="com.BookMyShowPage.FindSports" name="cancelPopUp" time="4.600"/>
  <system-out/>
  <testcase classname="com.BookMyShowPage.FindSports" name="selectCity" time="1.246"/>
  <system-out/>
  <testcase classname="com.BookMyShowPage.FindSports" name="selectSportPage" time="0.728"/>
  <system-out/>
  <testcase classname="com.BookMyShowPage.FindSports" name="selectWeekend" time="0.193"/>
  <system-out/>
  <testcase classname="com.BookMyShowPage.FindSports" name="selectPrice" time="0.398"/>
  <system-out/>
  <testcase classname="com.BookMyShowPage.FindSports" name="sortedSportsList" time="54.133"/>
  <system-out/>
</testsuite> <!-- com.BookMyShowPage.FindSports -->
