<?xml version="1.0" encoding="UTF-8"?>
<!-- Generated by org.testng.reporters.JUnitReportReporter -->
<testsuite hostname="LAPTOP-QAFUD8N4" failures="0" tests="1" name="com.BaseUD.BaseUd" time="2.082" errors="0" timestamp="2022-04-21T18:15:03 IST" skipped="0">
  <testcase classname="com.BaseUD.BaseUd" name="openUrl" time="2.082"/>
  <system-out/>
</testsuite> <!-- com.BaseUD.BaseUd -->
